[debug] [2021-05-03T13:44:15.646Z] ----------------------------------------------------------------------
[debug] [2021-05-03T13:44:15.648Z] Command:       C:\Program Files\nodejs\node.exe C:\Users\khali\AppData\Roaming\npm\node_modules\firebase-tools\lib\bin\firebase.js init
[debug] [2021-05-03T13:44:15.648Z] CLI Version:   9.10.0
[debug] [2021-05-03T13:44:15.648Z] Platform:      win32
[debug] [2021-05-03T13:44:15.648Z] Node Version:  v12.18.4
[debug] [2021-05-03T13:44:15.649Z] Time:          Mon May 03 2021 14:44:15 GMT+0100 (Central European Standard Time)
[debug] [2021-05-03T13:44:15.649Z] ----------------------------------------------------------------------
[debug] 
[debug] [2021-05-03T13:44:15.654Z] > command requires scopes: ["email","openid","https://www.googleapis.com/auth/cloudplatformprojects.readonly","https://www.googleapis.com/auth/firebase","https://www.googleapis.com/auth/cloud-platform"]
[info] 
     ######## #### ########  ######## ########     ###     ######  ########
     ##        ##  ##     ## ##       ##     ##  ##   ##  ##       ##
     ######    ##  ########  ######   ########  #########  ######  ######
     ##        ##  ##    ##  ##       ##     ## ##     ##       ## ##
     ##       #### ##     ## ######## ########  ##     ##  ######  ########

You're about to initialize a Firebase project in this directory:

  C:\Users\khali\Desktop\FullStackJS - PI\chatBot-main\chatBot-main\chatBot-main\frontend\src

[info] 
=== Project Setup
[info] 
[info] First, let's associate this project directory with a Firebase project.
[info] You can create multiple project aliases by running firebase use --add, 
[info] but for now we'll just set up a default project.
[info] 
[debug] [2021-05-03T13:44:50.853Z] >>> [apiv2][query] GET https://firebase.googleapis.com/v1beta1/projects pageSize=100
[debug] [2021-05-03T13:44:51.179Z] <<< [apiv2][status] GET https://firebase.googleapis.com/v1beta1/projects 403
[debug] [2021-05-03T13:44:51.180Z] <<< [apiv2][body] GET https://firebase.googleapis.com/v1beta1/projects [omitted]
[debug] [2021-05-03T13:44:51.181Z] HTTP Error: 403, Firebase Management API has not been used in project 355476564834 before or it is disabled. Enable it by visiting https://console.developers.google.com/apis/api/firebase.googleapis.com/overview?project=355476564834 then retry. If you enabled this API recently, wait a few minutes for the action to propagate to our systems and retry.
[debug] [2021-05-03T13:44:51.184Z] FirebaseError: HTTP Error: 403, Firebase Management API has not been used in project 355476564834 before or it is disabled. Enable it by visiting https://console.developers.google.com/apis/api/firebase.googleapis.com/overview?project=355476564834 then retry. If you enabled this API recently, wait a few minutes for the action to propagate to our systems and retry.
    at module.exports (C:\Users\khali\AppData\Roaming\npm\node_modules\firebase-tools\lib\responseToError.js:38:12)
    at Client.doRequest (C:\Users\khali\AppData\Roaming\npm\node_modules\firebase-tools\lib\apiv2.js:238:23)
    at processTicksAndRejections (internal/process/task_queues.js:97:5)
    at async Client.request (C:\Users\khali\AppData\Roaming\npm\node_modules\firebase-tools\lib\apiv2.js:96:20)
    at async getProjectPage (C:\Users\khali\AppData\Roaming\npm\node_modules\firebase-tools\lib\management\projects.js:233:17)
    at async getFirebaseProjectPage (C:\Users\khali\AppData\Roaming\npm\node_modules\firebase-tools\lib\management\projects.js:250:23)
    at async selectProjectInteractively (C:\Users\khali\AppData\Roaming\npm\node_modules\firebase-tools\lib\management\projects.js:95:41)
    at async Object.doSetup [as project] (C:\Users\khali\AppData\Roaming\npm\node_modules\firebase-tools\lib\init\features\project.js:87:27)
    at async init (C:\Users\khali\AppData\Roaming\npm\node_modules\firebase-tools\lib\init\index.js:19:9)
[error] 
[error] Error: Failed to list Firebase projects. See firebase-debug.log for more info.
[debug] [2021-05-03T13:44:55.180Z] ----------------------------------------------------------------------
[debug] [2021-05-03T13:44:55.182Z] Command:       C:\Program Files\nodejs\node.exe C:\Users\khali\AppData\Roaming\npm\node_modules\firebase-tools\lib\bin\firebase.js init
[debug] [2021-05-03T13:44:55.182Z] CLI Version:   9.10.0
[debug] [2021-05-03T13:44:55.182Z] Platform:      win32
[debug] [2021-05-03T13:44:55.182Z] Node Version:  v12.18.4
[debug] [2021-05-03T13:44:55.183Z] Time:          Mon May 03 2021 14:44:55 GMT+0100 (Central European Standard Time)
[debug] [2021-05-03T13:44:55.183Z] ----------------------------------------------------------------------
[debug] 
[debug] [2021-05-03T13:44:55.189Z] > command requires scopes: ["email","openid","https://www.googleapis.com/auth/cloudplatformprojects.readonly","https://www.googleapis.com/auth/firebase","https://www.googleapis.com/auth/cloud-platform"]
[info] 
     ######## #### ########  ######## ########     ###     ######  ########
     ##        ##  ##     ## ##       ##     ##  ##   ##  ##       ##
     ######    ##  ########  ######   ########  #########  ######  ######
     ##        ##  ##    ##  ##       ##     ## ##     ##       ## ##
     ##       #### ##     ## ######## ########  ##     ##  ######  ########

You're about to initialize a Firebase project in this directory:

  C:\Users\khali\Desktop\FullStackJS - PI\chatBot-main\chatBot-main\chatBot-main\frontend\src

[info] 
=== Project Setup
[info] 
[info] First, let's associate this project directory with a Firebase project.
[info] You can create multiple project aliases by running firebase use --add, 
[info] but for now we'll just set up a default project.
[info] 
[debug] [2021-05-03T13:45:21.903Z] >>> [apiv2][query] GET https://firebase.googleapis.com/v1beta1/projects pageSize=100
[debug] [2021-05-03T13:45:22.126Z] <<< [apiv2][status] GET https://firebase.googleapis.com/v1beta1/projects 403
[debug] [2021-05-03T13:45:22.127Z] <<< [apiv2][body] GET https://firebase.googleapis.com/v1beta1/projects [omitted]
[debug] [2021-05-03T13:45:22.127Z] HTTP Error: 403, Firebase Management API has not been used in project 355476564834 before or it is disabled. Enable it by visiting https://console.developers.google.com/apis/api/firebase.googleapis.com/overview?project=355476564834 then retry. If you enabled this API recently, wait a few minutes for the action to propagate to our systems and retry.
[debug] [2021-05-03T13:45:22.128Z] FirebaseError: HTTP Error: 403, Firebase Management API has not been used in project 355476564834 before or it is disabled. Enable it by visiting https://console.developers.google.com/apis/api/firebase.googleapis.com/overview?project=355476564834 then retry. If you enabled this API recently, wait a few minutes for the action to propagate to our systems and retry.
    at module.exports (C:\Users\khali\AppData\Roaming\npm\node_modules\firebase-tools\lib\responseToError.js:38:12)
    at Client.doRequest (C:\Users\khali\AppData\Roaming\npm\node_modules\firebase-tools\lib\apiv2.js:238:23)
    at processTicksAndRejections (internal/process/task_queues.js:97:5)
    at async Client.request (C:\Users\khali\AppData\Roaming\npm\node_modules\firebase-tools\lib\apiv2.js:96:20)
    at async getProjectPage (C:\Users\khali\AppData\Roaming\npm\node_modules\firebase-tools\lib\management\projects.js:233:17)
    at async getFirebaseProjectPage (C:\Users\khali\AppData\Roaming\npm\node_modules\firebase-tools\lib\management\projects.js:250:23)
    at async selectProjectInteractively (C:\Users\khali\AppData\Roaming\npm\node_modules\firebase-tools\lib\management\projects.js:95:41)
    at async Object.doSetup [as project] (C:\Users\khali\AppData\Roaming\npm\node_modules\firebase-tools\lib\init\features\project.js:87:27)
    at async init (C:\Users\khali\AppData\Roaming\npm\node_modules\firebase-tools\lib\init\index.js:19:9)
[error] 
[error] Error: Failed to list Firebase projects. See firebase-debug.log for more info.
[debug] [2021-05-03T13:46:45.129Z] ----------------------------------------------------------------------
[debug] [2021-05-03T13:46:45.131Z] Command:       C:\Program Files\nodejs\node.exe C:\Users\khali\AppData\Roaming\npm\node_modules\firebase-tools\lib\bin\firebase.js init
[debug] [2021-05-03T13:46:45.131Z] CLI Version:   9.10.0
[debug] [2021-05-03T13:46:45.131Z] Platform:      win32
[debug] [2021-05-03T13:46:45.131Z] Node Version:  v12.18.4
[debug] [2021-05-03T13:46:45.132Z] Time:          Mon May 03 2021 14:46:45 GMT+0100 (Central European Standard Time)
[debug] [2021-05-03T13:46:45.132Z] ----------------------------------------------------------------------
[debug] 
[debug] [2021-05-03T13:46:45.137Z] > command requires scopes: ["email","openid","https://www.googleapis.com/auth/cloudplatformprojects.readonly","https://www.googleapis.com/auth/firebase","https://www.googleapis.com/auth/cloud-platform"]
[info] 
     ######## #### ########  ######## ########     ###     ######  ########
     ##        ##  ##     ## ##       ##     ##  ##   ##  ##       ##
     ######    ##  ########  ######   ########  #########  ######  ######
     ##        ##  ##    ##  ##       ##     ## ##     ##       ## ##
     ##       #### ##     ## ######## ########  ##     ##  ######  ########

You're about to initialize a Firebase project in this directory:

  C:\Users\khali\Desktop\FullStackJS - PI\chatBot-main\chatBot-main\chatBot-main\frontend\src

[info] 
=== Project Setup
[info] 
[info] First, let's associate this project directory with a Firebase project.
[info] You can create multiple project aliases by running firebase use --add, 
[info] but for now we'll just set up a default project.
[info] 
[info] i  If you want to create a project in a Google Cloud organization or folder, please use "firebase projects:create" instead, and return to this command when you've created the project. 
[debug] [2021-05-03T13:47:23.046Z] >>> HTTP REQUEST POST https://cloudresourcemanager.googleapis.com/v1/projects  
 {"projectId":"chatbot-pi-web","name":"chatbot-pi-web"}
[debug] [2021-05-03T13:47:23.958Z] <<< HTTP RESPONSE 403 {"vary":"X-Origin, Referer, Origin,Accept-Encoding","content-type":"application/json; charset=UTF-8","date":"Mon, 03 May 2021 13:47:23 GMT","server":"ESF","cache-control":"private","x-xss-protection":"0","x-frame-options":"SAMEORIGIN","x-content-type-options":"nosniff","server-timing":"gfet4t7; dur=643","alt-svc":"h3-29=\":443\"; ma=2592000,h3-T051=\":443\"; ma=2592000,h3-Q050=\":443\"; ma=2592000,h3-Q046=\":443\"; ma=2592000,h3-Q043=\":443\"; ma=2592000,quic=\":443\"; ma=2592000; v=\"46,43\"","accept-ranges":"none","transfer-encoding":"chunked"}
[debug] [2021-05-03T13:47:23.958Z] <<< HTTP RESPONSE BODY {"error":{"code":403,"message":"Service accounts cannot create projects without a parent.","status":"PERMISSION_DENIED"}}
[debug] [2021-05-03T13:47:23.961Z] FirebaseError: HTTP Error: 403, Service accounts cannot create projects without a parent.
    at module.exports (C:\Users\khali\AppData\Roaming\npm\node_modules\firebase-tools\lib\responseToError.js:38:12)
    at Request._callback (C:\Users\khali\AppData\Roaming\npm\node_modules\firebase-tools\lib\api.js:41:35)
    at Request.self.callback (C:\Users\khali\AppData\Roaming\npm\node_modules\firebase-tools\node_modules\request\request.js:185:22)
    at Request.emit (events.js:315:20)
    at Request.EventEmitter.emit (domain.js:483:12)
    at Request.<anonymous> (C:\Users\khali\AppData\Roaming\npm\node_modules\firebase-tools\node_modules\request\request.js:1154:10)
    at Request.emit (events.js:315:20)
    at Request.EventEmitter.emit (domain.js:483:12)
    at IncomingMessage.<anonymous> (C:\Users\khali\AppData\Roaming\npm\node_modules\firebase-tools\node_modules\request\request.js:1076:12)
    at Object.onceWrapper (events.js:421:28)
    at IncomingMessage.emit (events.js:327:22)
    at IncomingMessage.EventEmitter.emit (domain.js:483:12)
    at endReadableNT (_stream_readable.js:1220:12)
    at processTicksAndRejections (internal/process/task_queues.js:84:21)
[error] 
[error] Error: Failed to create project. See firebase-debug.log for more info.
[debug] [2021-05-03T14:08:03.522Z] ----------------------------------------------------------------------
[debug] [2021-05-03T14:08:03.524Z] Command:       C:\Program Files\nodejs\node.exe C:\Users\khali\AppData\Roaming\npm\node_modules\firebase-tools\lib\bin\firebase.js init
[debug] [2021-05-03T14:08:03.524Z] CLI Version:   9.10.0
[debug] [2021-05-03T14:08:03.524Z] Platform:      win32
[debug] [2021-05-03T14:08:03.524Z] Node Version:  v12.18.4
[debug] [2021-05-03T14:08:03.525Z] Time:          Mon May 03 2021 15:08:03 GMT+0100 (Central European Standard Time)
[debug] [2021-05-03T14:08:03.525Z] ----------------------------------------------------------------------
[debug] 
[debug] [2021-05-03T14:08:03.531Z] > command requires scopes: ["email","openid","https://www.googleapis.com/auth/cloudplatformprojects.readonly","https://www.googleapis.com/auth/firebase","https://www.googleapis.com/auth/cloud-platform"]
[info] 
     ######## #### ########  ######## ########     ###     ######  ########
     ##        ##  ##     ## ##       ##     ##  ##   ##  ##       ##
     ######    ##  ########  ######   ########  #########  ######  ######
     ##        ##  ##    ##  ##       ##     ## ##     ##       ## ##
     ##       #### ##     ## ######## ########  ##     ##  ######  ########

You're about to initialize a Firebase project in this directory:

  C:\Users\khali\Desktop\FullStackJS - PI\chatBot-main\chatBot-main\chatBot-main\frontend\src

[info] 
=== Project Setup
[info] 
[info] First, let's associate this project directory with a Firebase project.
[info] You can create multiple project aliases by running firebase use --add, 
[info] but for now we'll just set up a default project.
[info] 
[debug] [2021-05-03T14:08:09.961Z] >>> [apiv2][query] GET https://firebase.googleapis.com/v1beta1/projects pageSize=100
[debug] [2021-05-03T14:08:10.277Z] <<< [apiv2][status] GET https://firebase.googleapis.com/v1beta1/projects 403
[debug] [2021-05-03T14:08:10.277Z] <<< [apiv2][body] GET https://firebase.googleapis.com/v1beta1/projects [omitted]
[debug] [2021-05-03T14:08:10.279Z] HTTP Error: 403, Firebase Management API has not been used in project 355476564834 before or it is disabled. Enable it by visiting https://console.developers.google.com/apis/api/firebase.googleapis.com/overview?project=355476564834 then retry. If you enabled this API recently, wait a few minutes for the action to propagate to our systems and retry.
[debug] [2021-05-03T14:08:10.282Z] FirebaseError: HTTP Error: 403, Firebase Management API has not been used in project 355476564834 before or it is disabled. Enable it by visiting https://console.developers.google.com/apis/api/firebase.googleapis.com/overview?project=355476564834 then retry. If you enabled this API recently, wait a few minutes for the action to propagate to our systems and retry.
    at module.exports (C:\Users\khali\AppData\Roaming\npm\node_modules\firebase-tools\lib\responseToError.js:38:12)
    at Client.doRequest (C:\Users\khali\AppData\Roaming\npm\node_modules\firebase-tools\lib\apiv2.js:238:23)
    at processTicksAndRejections (internal/process/task_queues.js:97:5)
    at async Client.request (C:\Users\khali\AppData\Roaming\npm\node_modules\firebase-tools\lib\apiv2.js:96:20)
    at async getProjectPage (C:\Users\khali\AppData\Roaming\npm\node_modules\firebase-tools\lib\management\projects.js:233:17)
    at async getFirebaseProjectPage (C:\Users\khali\AppData\Roaming\npm\node_modules\firebase-tools\lib\management\projects.js:250:23)
    at async selectProjectInteractively (C:\Users\khali\AppData\Roaming\npm\node_modules\firebase-tools\lib\management\projects.js:95:41)
    at async Object.doSetup [as project] (C:\Users\khali\AppData\Roaming\npm\node_modules\firebase-tools\lib\init\features\project.js:87:27)
    at async init (C:\Users\khali\AppData\Roaming\npm\node_modules\firebase-tools\lib\init\index.js:19:9)
[error] 
[error] Error: Failed to list Firebase projects. See firebase-debug.log for more info.
[debug] [2021-05-03T14:08:28.326Z] ----------------------------------------------------------------------
[debug] [2021-05-03T14:08:28.328Z] Command:       C:\Program Files\nodejs\node.exe C:\Users\khali\AppData\Roaming\npm\node_modules\firebase-tools\lib\bin\firebase.js init
[debug] [2021-05-03T14:08:28.328Z] CLI Version:   9.10.0
[debug] [2021-05-03T14:08:28.328Z] Platform:      win32
[debug] [2021-05-03T14:08:28.328Z] Node Version:  v12.18.4
[debug] [2021-05-03T14:08:28.329Z] Time:          Mon May 03 2021 15:08:28 GMT+0100 (Central European Standard Time)
[debug] [2021-05-03T14:08:28.329Z] ----------------------------------------------------------------------
[debug] 
[debug] [2021-05-03T14:08:28.334Z] > command requires scopes: ["email","openid","https://www.googleapis.com/auth/cloudplatformprojects.readonly","https://www.googleapis.com/auth/firebase","https://www.googleapis.com/auth/cloud-platform"]
[info] 
     ######## #### ########  ######## ########     ###     ######  ########
     ##        ##  ##     ## ##       ##     ##  ##   ##  ##       ##
     ######    ##  ########  ######   ########  #########  ######  ######
     ##        ##  ##    ##  ##       ##     ## ##     ##       ## ##
     ##       #### ##     ## ######## ########  ##     ##  ######  ########

You're about to initialize a Firebase project in this directory:

  C:\Users\khali\Desktop\FullStackJS - PI\chatBot-main\chatBot-main\chatBot-main\frontend\src

[info] 
=== Project Setup
[info] 
[info] First, let's associate this project directory with a Firebase project.
[info] You can create multiple project aliases by running firebase use --add, 
[info] but for now we'll just set up a default project.
[info] 
[debug] [2021-05-03T14:08:47.226Z] >>> [apiv2][query] GET https://firebase.googleapis.com/v1beta1/projects pageSize=100
[debug] [2021-05-03T14:08:47.468Z] <<< [apiv2][status] GET https://firebase.googleapis.com/v1beta1/projects 403
[debug] [2021-05-03T14:08:47.468Z] <<< [apiv2][body] GET https://firebase.googleapis.com/v1beta1/projects [omitted]
[debug] [2021-05-03T14:08:47.470Z] HTTP Error: 403, Firebase Management API has not been used in project 355476564834 before or it is disabled. Enable it by visiting https://console.developers.google.com/apis/api/firebase.googleapis.com/overview?project=355476564834 then retry. If you enabled this API recently, wait a few minutes for the action to propagate to our systems and retry.
[debug] [2021-05-03T14:08:47.473Z] FirebaseError: HTTP Error: 403, Firebase Management API has not been used in project 355476564834 before or it is disabled. Enable it by visiting https://console.developers.google.com/apis/api/firebase.googleapis.com/overview?project=355476564834 then retry. If you enabled this API recently, wait a few minutes for the action to propagate to our systems and retry.
    at module.exports (C:\Users\khali\AppData\Roaming\npm\node_modules\firebase-tools\lib\responseToError.js:38:12)
    at Client.doRequest (C:\Users\khali\AppData\Roaming\npm\node_modules\firebase-tools\lib\apiv2.js:238:23)
    at processTicksAndRejections (internal/process/task_queues.js:97:5)
    at async Client.request (C:\Users\khali\AppData\Roaming\npm\node_modules\firebase-tools\lib\apiv2.js:96:20)
    at async getProjectPage (C:\Users\khali\AppData\Roaming\npm\node_modules\firebase-tools\lib\management\projects.js:233:17)
    at async getFirebaseProjectPage (C:\Users\khali\AppData\Roaming\npm\node_modules\firebase-tools\lib\management\projects.js:250:23)
    at async selectProjectInteractively (C:\Users\khali\AppData\Roaming\npm\node_modules\firebase-tools\lib\management\projects.js:95:41)
    at async Object.doSetup [as project] (C:\Users\khali\AppData\Roaming\npm\node_modules\firebase-tools\lib\init\features\project.js:87:27)
    at async init (C:\Users\khali\AppData\Roaming\npm\node_modules\firebase-tools\lib\init\index.js:19:9)
[error] 
[error] Error: Failed to list Firebase projects. See firebase-debug.log for more info.
[debug] [2021-05-03T14:09:54.587Z] ----------------------------------------------------------------------
[debug] [2021-05-03T14:09:54.589Z] Command:       C:\Program Files\nodejs\node.exe C:\Users\khali\AppData\Roaming\npm\node_modules\firebase-tools\lib\bin\firebase.js init
[debug] [2021-05-03T14:09:54.589Z] CLI Version:   9.10.0
[debug] [2021-05-03T14:09:54.589Z] Platform:      win32
[debug] [2021-05-03T14:09:54.589Z] Node Version:  v12.18.4
[debug] [2021-05-03T14:09:54.590Z] Time:          Mon May 03 2021 15:09:54 GMT+0100 (Central European Standard Time)
[debug] [2021-05-03T14:09:54.590Z] ----------------------------------------------------------------------
[debug] 
[debug] [2021-05-03T14:09:54.620Z] > command requires scopes: ["email","openid","https://www.googleapis.com/auth/cloudplatformprojects.readonly","https://www.googleapis.com/auth/firebase","https://www.googleapis.com/auth/cloud-platform"]
[info] 
     ######## #### ########  ######## ########     ###     ######  ########
     ##        ##  ##     ## ##       ##     ##  ##   ##  ##       ##
     ######    ##  ########  ######   ########  #########  ######  ######
     ##        ##  ##    ##  ##       ##     ## ##     ##       ## ##
     ##       #### ##     ## ######## ########  ##     ##  ######  ########

You're about to initialize a Firebase project in this directory:

  C:\Users\khali\Desktop\FullStackJS - PI\chatBot-main\chatBot-main\chatBot-main\frontend\src

[info] 
=== Project Setup
[info] 
[info] First, let's associate this project directory with a Firebase project.
[info] You can create multiple project aliases by running firebase use --add, 
[info] but for now we'll just set up a default project.
[info] 
[debug] [2021-05-03T14:10:03.565Z] >>> [apiv2][query] GET https://firebase.googleapis.com/v1beta1/projects pageSize=100
[debug] [2021-05-03T14:10:03.807Z] <<< [apiv2][status] GET https://firebase.googleapis.com/v1beta1/projects 403
[debug] [2021-05-03T14:10:03.808Z] <<< [apiv2][body] GET https://firebase.googleapis.com/v1beta1/projects [omitted]
[debug] [2021-05-03T14:10:03.809Z] HTTP Error: 403, Firebase Management API has not been used in project 355476564834 before or it is disabled. Enable it by visiting https://console.developers.google.com/apis/api/firebase.googleapis.com/overview?project=355476564834 then retry. If you enabled this API recently, wait a few minutes for the action to propagate to our systems and retry.
[debug] [2021-05-03T14:10:03.813Z] FirebaseError: HTTP Error: 403, Firebase Management API has not been used in project 355476564834 before or it is disabled. Enable it by visiting https://console.developers.google.com/apis/api/firebase.googleapis.com/overview?project=355476564834 then retry. If you enabled this API recently, wait a few minutes for the action to propagate to our systems and retry.
    at module.exports (C:\Users\khali\AppData\Roaming\npm\node_modules\firebase-tools\lib\responseToError.js:38:12)
    at Client.doRequest (C:\Users\khali\AppData\Roaming\npm\node_modules\firebase-tools\lib\apiv2.js:238:23)
    at processTicksAndRejections (internal/process/task_queues.js:97:5)
    at async Client.request (C:\Users\khali\AppData\Roaming\npm\node_modules\firebase-tools\lib\apiv2.js:96:20)
    at async getProjectPage (C:\Users\khali\AppData\Roaming\npm\node_modules\firebase-tools\lib\management\projects.js:233:17)
    at async getFirebaseProjectPage (C:\Users\khali\AppData\Roaming\npm\node_modules\firebase-tools\lib\management\projects.js:250:23)
    at async selectProjectInteractively (C:\Users\khali\AppData\Roaming\npm\node_modules\firebase-tools\lib\management\projects.js:95:41)
    at async Object.doSetup [as project] (C:\Users\khali\AppData\Roaming\npm\node_modules\firebase-tools\lib\init\features\project.js:87:27)
    at async init (C:\Users\khali\AppData\Roaming\npm\node_modules\firebase-tools\lib\init\index.js:19:9)
[error] 
[error] Error: Failed to list Firebase projects. See firebase-debug.log for more info.
